<?xml version="1.0" encoding="UTF-8"?>
<testng-results ignored="0" total="1" passed="1" failed="0" skipped="0">
  <reporter-output>
  </reporter-output>
  <suite started-at="2020-09-25T15:29:58 IST" name="Default suite" finished-at="2020-09-25T15:30:24 IST" duration-ms="26152">
    <groups>
    </groups>
    <test started-at="2020-09-25T15:29:58 IST" name="Default test" finished-at="2020-09-25T15:30:24 IST" duration-ms="26152">
      <class name="com.Bachu.Scripts.NaukriUpdate">
        <test-method is-config="true" signature="initialize()[pri:0, instance:com.Bachu.Scripts.NaukriUpdate@692f203f]" started-at="2020-09-25T15:29:58 IST" name="initialize" finished-at="2020-09-25T15:29:58 IST" duration-ms="233" status="PASS">
          <reporter-output>
          </reporter-output>
        </test-method> <!-- initialize -->
        <test-method is-config="true" signature="setUp()[pri:0, instance:com.Bachu.Scripts.NaukriUpdate@692f203f]" started-at="2020-09-25T15:29:58 IST" name="setUp" finished-at="2020-09-25T15:30:09 IST" duration-ms="11339" status="PASS">
          <reporter-output>
          </reporter-output>
        </test-method> <!-- setUp -->
        <test-method signature="naukriupdate()[pri:0, instance:com.Bachu.Scripts.NaukriUpdate@692f203f]" started-at="2020-09-25T15:30:09 IST" name="naukriupdate" finished-at="2020-09-25T15:30:24 IST" duration-ms="14747" status="PASS">
          <reporter-output>
          </reporter-output>
        </test-method> <!-- naukriupdate -->
        <test-method is-config="true" signature="aftermethod()[pri:0, instance:com.Bachu.Scripts.NaukriUpdate@692f203f]" started-at="2020-09-25T15:30:24 IST" name="aftermethod" finished-at="2020-09-25T15:30:24 IST" duration-ms="5" status="PASS">
          <reporter-output>
          </reporter-output>
        </test-method> <!-- aftermethod -->
        <test-method is-config="true" signature="teardown()[pri:0, instance:com.Bachu.Scripts.NaukriUpdate@692f203f]" started-at="2020-09-25T15:30:24 IST" name="teardown" finished-at="2020-09-25T15:30:26 IST" duration-ms="1871" status="PASS">
          <reporter-output>
          </reporter-output>
        </test-method> <!-- teardown -->
      </class> <!-- com.Bachu.Scripts.NaukriUpdate -->
    </test> <!-- Default test -->
  </suite> <!-- Default suite -->
</testng-results>
